<?xml version="1.0" encoding="UTF-8"?>
<coverage generated="1585940336406" clover="3.2.0">
  <project timestamp="1585940336406" name="All files">
    <metrics statements="53" coveredstatements="39" conditionals="15" coveredconditionals="10" methods="12" coveredmethods="10" elements="80" coveredelements="59" complexity="0" loc="53" ncloc="53" packages="1" files="1" classes="1"/>
    <file name="groceryListReducer.ts" path="/Users/loicchau/www/ReactNative/listedecourses/store/reducers/groceryListReducer.ts">
      <metrics statements="53" coveredstatements="39" conditionals="15" coveredconditionals="10" methods="12" coveredmethods="10"/>
      <line num="7" count="1" type="stmt"/>
      <line num="14" count="47" type="stmt"/>
      <line num="15" count="47" type="cond" truecount="4" falsecount="4"/>
      <line num="18" count="41" type="stmt"/>
      <line num="21" count="136" type="stmt"/>
      <line num="24" count="41" type="stmt"/>
      <line num="28" count="2" type="stmt"/>
      <line num="29" count="10" type="stmt"/>
      <line num="31" count="8" type="cond" truecount="2" falsecount="0"/>
      <line num="32" count="3" type="stmt"/>
      <line num="34" count="5" type="stmt"/>
      <line num="37" count="2" type="stmt"/>
      <line num="41" count="2" type="stmt"/>
      <line num="45" count="0" type="stmt"/>
      <line num="46" count="0" type="stmt"/>
      <line num="48" count="0" type="stmt"/>
      <line num="52" count="0" type="stmt"/>
      <line num="56" count="0" type="stmt"/>
      <line num="59" count="0" type="stmt"/>
      <line num="60" count="0" type="stmt"/>
      <line num="62" count="0" type="stmt"/>
      <line num="63" count="0" type="stmt"/>
      <line num="67" count="0" type="stmt"/>
      <line num="71" count="0" type="stmt"/>
      <line num="74" count="0" type="stmt"/>
      <line num="78" count="0" type="stmt"/>
      <line num="82" count="2" type="cond" truecount="2" falsecount="0"/>
      <line num="83" count="1" type="stmt"/>
      <line num="84" count="1" type="stmt"/>
      <line num="85" count="1" type="stmt"/>
      <line num="86" count="3" type="stmt"/>
      <line num="88" count="1" type="stmt"/>
      <line num="89" count="4" type="stmt"/>
      <line num="91" count="1" type="stmt"/>
      <line num="92" count="1" type="stmt"/>
      <line num="93" count="1" type="stmt"/>
      <line num="96" count="7" type="stmt"/>
      <line num="99" count="1" type="stmt"/>
      <line num="101" count="1" type="stmt"/>
      <line num="105" count="2" type="cond" truecount="2" falsecount="0"/>
      <line num="106" count="1" type="stmt"/>
      <line num="107" count="1" type="stmt"/>
      <line num="108" count="1" type="stmt"/>
      <line num="109" count="3" type="stmt"/>
      <line num="111" count="1" type="stmt"/>
      <line num="112" count="2" type="stmt"/>
      <line num="114" count="1" type="stmt"/>
      <line num="115" count="1" type="stmt"/>
      <line num="116" count="1" type="stmt"/>
      <line num="119" count="8" type="stmt"/>
      <line num="122" count="1" type="stmt"/>
      <line num="124" count="1" type="stmt"/>
      <line num="127" count="0" type="stmt"/>
    </file>
  </project>
</coverage>
