{"/Users/loicchau/www/ReactNative/listedecourses/store/reducers/groceryListReducer.ts": {"path":"/Users/loicchau/www/ReactNative/listedecourses/store/reducers/groceryListReducer.ts","statementMap":{"0":{"start":{"line":7,"column":40},"end":{"line":7,"column":59}},"1":{"start":{"line":14,"column":23},"end":{"line":14,"column":45}},"2":{"start":{"line":15,"column":2},"end":{"line":128,"column":3}},"3":{"start":{"line":18,"column":6},"end":{"line":23,"column":8}},"4":{"start":{"line":21,"column":54},"end":{"line":21,"column":71}},"5":{"start":{"line":24,"column":6},"end":{"line":24,"column":23}},"6":{"start":{"line":28,"column":6},"end":{"line":36,"column":11}},"7":{"start":{"line":29,"column":28},"end":{"line":29,"column":72}},"8":{"start":{"line":31,"column":10},"end":{"line":35,"column":11}},"9":{"start":{"line":32,"column":12},"end":{"line":32,"column":54}},"10":{"start":{"line":34,"column":12},"end":{"line":34,"column":24}},"11":{"start":{"line":37,"column":6},"end":{"line":40,"column":8}},"12":{"start":{"line":41,"column":6},"end":{"line":41,"column":23}},"13":{"start":{"line":45,"column":21},"end":{"line":47,"column":7}},"14":{"start":{"line":46,"column":20},"end":{"line":46,"column":64}},"15":{"start":{"line":48,"column":6},"end":{"line":51,"column":8}},"16":{"start":{"line":52,"column":6},"end":{"line":55,"column":8}},"17":{"start":{"line":56,"column":6},"end":{"line":56,"column":23}},"18":{"start":{"line":59,"column":24},"end":{"line":61,"column":7}},"19":{"start":{"line":60,"column":20},"end":{"line":60,"column":64}},"20":{"start":{"line":62,"column":32},"end":{"line":62,"column":54}},"21":{"start":{"line":63,"column":6},"end":{"line":66,"column":8}},"22":{"start":{"line":67,"column":6},"end":{"line":70,"column":8}},"23":{"start":{"line":71,"column":6},"end":{"line":71,"column":23}},"24":{"start":{"line":74,"column":6},"end":{"line":77,"column":8}},"25":{"start":{"line":78,"column":6},"end":{"line":78,"column":23}},"26":{"start":{"line":82,"column":6},"end":{"line":102,"column":7}},"27":{"start":{"line":83,"column":23},"end":{"line":83,"column":41}},"28":{"start":{"line":84,"column":23},"end":{"line":84,"column":45}},"29":{"start":{"line":85,"column":37},"end":{"line":87,"column":9}},"30":{"start":{"line":86,"column":18},"end":{"line":86,"column":50}},"31":{"start":{"line":88,"column":35},"end":{"line":90,"column":9}},"32":{"start":{"line":89,"column":18},"end":{"line":89,"column":54}},"33":{"start":{"line":91,"column":8},"end":{"line":91,"column":62}},"34":{"start":{"line":92,"column":8},"end":{"line":92,"column":60}},"35":{"start":{"line":93,"column":8},"end":{"line":98,"column":10}},"36":{"start":{"line":96,"column":56},"end":{"line":96,"column":73}},"37":{"start":{"line":99,"column":8},"end":{"line":99,"column":25}},"38":{"start":{"line":101,"column":8},"end":{"line":101,"column":21}},"39":{"start":{"line":105,"column":6},"end":{"line":125,"column":7}},"40":{"start":{"line":106,"column":23},"end":{"line":106,"column":41}},"41":{"start":{"line":107,"column":23},"end":{"line":107,"column":45}},"42":{"start":{"line":108,"column":35},"end":{"line":110,"column":9}},"43":{"start":{"line":109,"column":18},"end":{"line":109,"column":50}},"44":{"start":{"line":111,"column":37},"end":{"line":113,"column":9}},"45":{"start":{"line":112,"column":18},"end":{"line":112,"column":54}},"46":{"start":{"line":114,"column":8},"end":{"line":114,"column":60}},"47":{"start":{"line":115,"column":8},"end":{"line":115,"column":62}},"48":{"start":{"line":116,"column":8},"end":{"line":121,"column":10}},"49":{"start":{"line":119,"column":56},"end":{"line":119,"column":73}},"50":{"start":{"line":122,"column":8},"end":{"line":122,"column":25}},"51":{"start":{"line":124,"column":8},"end":{"line":124,"column":21}},"52":{"start":{"line":127,"column":6},"end":{"line":127,"column":19}}},"fnMap":{"0":{"name":"groceryListReducers","decl":{"start":{"line":9,"column":9},"end":{"line":9,"column":28}},"loc":{"start":{"line":12,"column":2},"end":{"line":129,"column":1}},"line":12},"1":{"name":"(anonymous_1)","decl":{"start":{"line":21,"column":10},"end":{"line":21,"column":11}},"loc":{"start":{"line":21,"column":54},"end":{"line":21,"column":71}},"line":21},"2":{"name":"(anonymous_2)","decl":{"start":{"line":29,"column":16},"end":{"line":29,"column":17}},"loc":{"start":{"line":29,"column":28},"end":{"line":29,"column":72}},"line":29},"3":{"name":"(anonymous_3)","decl":{"start":{"line":30,"column":13},"end":{"line":30,"column":14}},"loc":{"start":{"line":30,"column":21},"end":{"line":36,"column":9}},"line":30},"4":{"name":"(anonymous_4)","decl":{"start":{"line":46,"column":8},"end":{"line":46,"column":9}},"loc":{"start":{"line":46,"column":20},"end":{"line":46,"column":64}},"line":46},"5":{"name":"(anonymous_5)","decl":{"start":{"line":60,"column":8},"end":{"line":60,"column":9}},"loc":{"start":{"line":60,"column":20},"end":{"line":60,"column":64}},"line":60},"6":{"name":"(anonymous_6)","decl":{"start":{"line":86,"column":10},"end":{"line":86,"column":11}},"loc":{"start":{"line":86,"column":18},"end":{"line":86,"column":50}},"line":86},"7":{"name":"(anonymous_7)","decl":{"start":{"line":89,"column":10},"end":{"line":89,"column":11}},"loc":{"start":{"line":89,"column":18},"end":{"line":89,"column":54}},"line":89},"8":{"name":"(anonymous_8)","decl":{"start":{"line":96,"column":12},"end":{"line":96,"column":13}},"loc":{"start":{"line":96,"column":56},"end":{"line":96,"column":73}},"line":96},"9":{"name":"(anonymous_9)","decl":{"start":{"line":109,"column":10},"end":{"line":109,"column":11}},"loc":{"start":{"line":109,"column":18},"end":{"line":109,"column":50}},"line":109},"10":{"name":"(anonymous_10)","decl":{"start":{"line":112,"column":10},"end":{"line":112,"column":11}},"loc":{"start":{"line":112,"column":18},"end":{"line":112,"column":54}},"line":112},"11":{"name":"(anonymous_11)","decl":{"start":{"line":119,"column":12},"end":{"line":119,"column":13}},"loc":{"start":{"line":119,"column":56},"end":{"line":119,"column":73}},"line":119}},"branchMap":{"0":{"loc":{"start":{"line":10,"column":2},"end":{"line":10,"column":41}},"type":"default-arg","locations":[{"start":{"line":10,"column":29},"end":{"line":10,"column":41}}],"line":10},"1":{"loc":{"start":{"line":15,"column":2},"end":{"line":128,"column":3}},"type":"switch","locations":[{"start":{"line":17,"column":4},"end":{"line":24,"column":23}},{"start":{"line":27,"column":4},"end":{"line":41,"column":23}},{"start":{"line":44,"column":4},"end":{"line":56,"column":23}},{"start":{"line":58,"column":4},"end":{"line":71,"column":23}},{"start":{"line":73,"column":4},"end":{"line":78,"column":23}},{"start":{"line":81,"column":4},"end":{"line":102,"column":7}},{"start":{"line":104,"column":4},"end":{"line":125,"column":7}},{"start":{"line":126,"column":4},"end":{"line":127,"column":19}}],"line":15},"2":{"loc":{"start":{"line":31,"column":10},"end":{"line":35,"column":11}},"type":"if","locations":[{"start":{"line":31,"column":10},"end":{"line":35,"column":11}},{"start":{"line":31,"column":10},"end":{"line":35,"column":11}}],"line":31},"3":{"loc":{"start":{"line":82,"column":6},"end":{"line":102,"column":7}},"type":"if","locations":[{"start":{"line":82,"column":6},"end":{"line":102,"column":7}},{"start":{"line":82,"column":6},"end":{"line":102,"column":7}}],"line":82},"4":{"loc":{"start":{"line":105,"column":6},"end":{"line":125,"column":7}},"type":"if","locations":[{"start":{"line":105,"column":6},"end":{"line":125,"column":7}},{"start":{"line":105,"column":6},"end":{"line":125,"column":7}}],"line":105}},"s":{"0":1,"1":47,"2":47,"3":41,"4":136,"5":41,"6":2,"7":10,"8":8,"9":3,"10":5,"11":2,"12":2,"13":0,"14":0,"15":0,"16":0,"17":0,"18":0,"19":0,"20":0,"21":0,"22":0,"23":0,"24":0,"25":0,"26":2,"27":1,"28":1,"29":1,"30":3,"31":1,"32":4,"33":1,"34":1,"35":1,"36":7,"37":1,"38":1,"39":2,"40":1,"41":1,"42":1,"43":3,"44":1,"45":2,"46":1,"47":1,"48":1,"49":8,"50":1,"51":1,"52":0},"f":{"0":47,"1":136,"2":10,"3":8,"4":0,"5":0,"6":3,"7":4,"8":7,"9":3,"10":2,"11":8},"b":{"0":[0],"1":[41,2,0,0,0,2,2,0],"2":[3,5],"3":[1,1],"4":[1,1]},"_coverageSchema":"1a1c01bbd47fc00a2c39e90264f33305004495a9","hash":"494966bd7a3dfbfeb051cf8720911ec78e3faea7"}
}
