TN:
SF:store/reducers/groceryListReducer.ts
FN:9,groceryListReducers
FN:21,(anonymous_1)
FN:29,(anonymous_2)
FN:30,(anonymous_3)
FN:46,(anonymous_4)
FN:60,(anonymous_5)
FN:86,(anonymous_6)
FN:89,(anonymous_7)
FN:96,(anonymous_8)
FN:109,(anonymous_9)
FN:112,(anonymous_10)
FN:119,(anonymous_11)
FNF:12
FNH:10
FNDA:47,groceryListReducers
FNDA:136,(anonymous_1)
FNDA:10,(anonymous_2)
FNDA:8,(anonymous_3)
FNDA:0,(anonymous_4)
FNDA:0,(anonymous_5)
FNDA:3,(anonymous_6)
FNDA:4,(anonymous_7)
FNDA:7,(anonymous_8)
FNDA:3,(anonymous_9)
FNDA:2,(anonymous_10)
FNDA:8,(anonymous_11)
DA:7,1
DA:14,47
DA:15,47
DA:18,41
DA:21,136
DA:24,41
DA:28,2
DA:29,10
DA:31,8
DA:32,3
DA:34,5
DA:37,2
DA:41,2
DA:45,0
DA:46,0
DA:48,0
DA:52,0
DA:56,0
DA:59,0
DA:60,0
DA:62,0
DA:63,0
DA:67,0
DA:71,0
DA:74,0
DA:78,0
DA:82,2
DA:83,1
DA:84,1
DA:85,1
DA:86,3
DA:88,1
DA:89,4
DA:91,1
DA:92,1
DA:93,1
DA:96,7
DA:99,1
DA:101,1
DA:105,2
DA:106,1
DA:107,1
DA:108,1
DA:109,3
DA:111,1
DA:112,2
DA:114,1
DA:115,1
DA:116,1
DA:119,8
DA:122,1
DA:124,1
DA:127,0
LF:53
LH:39
BRDA:10,0,0,0
BRDA:15,1,0,41
BRDA:15,1,1,2
BRDA:15,1,2,0
BRDA:15,1,3,0
BRDA:15,1,4,0
BRDA:15,1,5,2
BRDA:15,1,6,2
BRDA:15,1,7,0
BRDA:31,2,0,3
BRDA:31,2,1,5
BRDA:82,3,0,1
BRDA:82,3,1,1
BRDA:105,4,0,1
BRDA:105,4,1,1
BRF:15
BRH:10
end_of_record
